#! /Users/rikutoide/dev/tools/oss-cad-suite/bin/vvp
:ivl_version "13.0 (devel)" "(s20250103-66-gd67d3323a)";
:ivl_delay_selection "TYPICAL";
:vpi_time_precision + 0;
:vpi_module "/Users/rikutoide/dev/tools/oss-cad-suite/lib/ivl/system.vpi";
:vpi_module "/Users/rikutoide/dev/tools/oss-cad-suite/lib/ivl/vhdl_sys.vpi";
:vpi_module "/Users/rikutoide/dev/tools/oss-cad-suite/lib/ivl/vhdl_textio.vpi";
:vpi_module "/Users/rikutoide/dev/tools/oss-cad-suite/lib/ivl/v2005_math.vpi";
:vpi_module "/Users/rikutoide/dev/tools/oss-cad-suite/lib/ivl/va_math.vpi";
:vpi_module "/Users/rikutoide/dev/tools/oss-cad-suite/lib/ivl/v2009.vpi";
S_0x105732160 .scope package, "$unit" "$unit" 2 1;
 .timescale 0 0;
S_0x1057322e0 .scope package, "risc_v_32_i_pkg" "risc_v_32_i_pkg" 3 1;
 .timescale 0 0;
P_0x105732460 .param/l "ALU_OP_LEN" 0 3 3, +C4<00000000000000000000000000000101>;
P_0x1057324a0 .param/l "IMM_TYPE_LEN" 0 3 2, +C4<00000000000000000000000000000011>;
enum0x1057339d0 .enum4 (7)
   "OP_R_TYPE" 7'b0110011,
   "OP_B_TYPE" 7'b1100011,
   "OP_S_TYPE" 7'b0100011,
   "OP_I_JALR_TYPE" 7'b1100111,
   "OP_I_LOAD_TYPE" 7'b0000011,
   "OP_I_ALU_TYPE" 7'b0010011,
   "OP_I_FENCE_TYPE" 7'b0001111,
   "OP_I_ECALL_TYPE" 7'b1110011,
   "OP_I_LUI_TYPE" 7'b0110111,
   "OP_I_AUIPC_TYPE" 7'b0010111,
   "OP_J_TYPE" 7'b1101111
 ;
enum0xb24c44080 .enum4 (5)
   "OP_ADD" 5'b00000,
   "OP_SUB" 5'b00001,
   "OP_AND" 5'b00010,
   "OP_OR" 5'b00011,
   "OP_XOR" 5'b00100,
   "OP_SLL" 5'b00101,
   "OP_SRL" 5'b00110,
   "OP_SRA" 5'b00111,
   "OP_BEQ" 5'b01000,
   "OP_BNE" 5'b01001,
   "OP_BLTU" 5'b01010,
   "OP_BGEU" 5'b01011,
   "OP_BLT" 5'b01100,
   "OP_BGE" 5'b01101,
   "OP_NONE" 5'b01110
 ;
S_0x1057309b0 .scope module, "alu" "alu" 4 4;
 .timescale 0 0;
    .port_info 0 /INPUT 32 "alu_port_a_i";
    .port_info 1 /INPUT 32 "alu_port_b_i";
    .port_info 2 /INPUT 5 "alu_op_i";
    .port_info 3 /OUTPUT 32 "alu_o";
P_0x10572a110 .param/l "REG_ADDR_WIDTH" 0 4 4, +C4<00000000000000000000000000000101>;
P_0x10572a150 .param/l "XLEN" 0 4 4, +C4<00000000000000000000000000100000>;
v0x10572a190_0 .var "alu_o", 31 0;
o0xb24830040 .functor BUFZ 5, c4<zzzzz>; HiZ drive
v0x10572fd40_0 .net "alu_op_i", 4 0, o0xb24830040;  0 drivers
o0xb24830070 .functor BUFZ 32, c4<zzzzzzzzzzzzzzzzzzzzzzzzzzzzzzzz>; HiZ drive
v0x10572fde0_0 .net "alu_port_a_i", 31 0, o0xb24830070;  0 drivers
o0xb248300a0 .functor BUFZ 32, c4<zzzzzzzzzzzzzzzzzzzzzzzzzzzzzzzz>; HiZ drive
v0x10572e7d0_0 .net "alu_port_b_i", 31 0, o0xb248300a0;  0 drivers
E_0xb2504c3c0 .event anyedge, v0x10572fd40_0, v0x10572fde0_0, v0x10572e7d0_0, v0x10572e7d0_0;
S_0x105730b30 .scope module, "comparator" "comparator" 5 4;
 .timescale 0 0;
    .port_info 0 /INPUT 32 "op_port_a_i";
    .port_info 1 /INPUT 32 "op_port_b_i";
    .port_info 2 /INPUT 5 "comp_op_i";
    .port_info 3 /OUTPUT 1 "comp_o";
P_0xb25035440 .param/l "XLEN" 0 5 4, +C4<00000000000000000000000000100000>;
v0x10572e870_0 .var "comp_o", 0 0;
o0xb248301c0 .functor BUFZ 5, c4<zzzzz>; HiZ drive
v0x10572e910_0 .net "comp_op_i", 4 0, o0xb248301c0;  0 drivers
o0xb248301f0 .functor BUFZ 32, c4<zzzzzzzzzzzzzzzzzzzzzzzzzzzzzzzz>; HiZ drive
v0x10572e9b0_0 .net "op_port_a_i", 31 0, o0xb248301f0;  0 drivers
o0xb24830220 .functor BUFZ 32, c4<zzzzzzzzzzzzzzzzzzzzzzzzzzzzzzzz>; HiZ drive
v0x10572ea50_0 .net "op_port_b_i", 31 0, o0xb24830220;  0 drivers
E_0xb2504c400 .event anyedge, v0x10572e910_0, v0x10572e9b0_0, v0x10572ea50_0;
S_0x10572fbc0 .scope module, "tb_cpu" "tb_cpu" 6 1;
 .timescale 0 0;
P_0xb25035480 .param/l "XLEN" 1 6 2, +C4<00000000000000000000000000100000>;
v0xb2506caa0_0 .var "clk", 0 0;
v0xb2506cb40_0 .var "data_address", 31 0;
v0xb2506cbe0_0 .var "rst", 0 0;
v0xb2506cc80_0 .var "write_data", 31 0;
v0xb2506cd20_0 .net "write_enable", 0 0, v0xb2506ca00_0;  1 drivers
S_0x10572ca40 .scope begin, "create_clk" "create_clk" 6 16, 6 16 0, S_0x10572fbc0;
 .timescale 0 0;
S_0x10572cbc0 .scope module, "dut" "cpu" 6 8, 7 1 0, S_0x10572fbc0;
 .timescale 0 0;
    .port_info 0 /INPUT 1 "clk_i";
    .port_info 1 /INPUT 1 "rst_i";
    .port_info 2 /INPUT 32 "write_data_i";
    .port_info 3 /INPUT 32 "data_address_i";
    .port_info 4 /OUTPUT 1 "write_enable_o";
P_0xb250354c0 .param/l "XLEN" 0 7 1, +C4<00000000000000000000000000100000>;
v0xb2506c500_0 .net "clk_i", 0 0, v0xb2506caa0_0;  1 drivers
v0xb2506c5a0_0 .net "data_address_i", 31 0, v0xb2506cb40_0;  1 drivers
v0xb2506c640_0 .var "instruction_address", 31 0;
v0xb2506c6e0_0 .net "instruction_data", 31 0, v0xb2506c3c0_0;  1 drivers
v0xb2506c780_0 .net "read_data", 31 0, v0xb2506c140_0;  1 drivers
v0xb2506c820_0 .net "rst_i", 0 0, v0xb2506cbe0_0;  1 drivers
v0xb2506c8c0_0 .net "write_data_i", 31 0, v0xb2506cc80_0;  1 drivers
v0xb2506c960_0 .var "write_enable", 0 0;
v0xb2506ca00_0 .var "write_enable_o", 0 0;
S_0x105737770 .scope module, "dmem" "data_memory" 7 18, 8 4 0, S_0x10572cbc0;
 .timescale 0 0;
    .port_info 0 /INPUT 32 "address_i";
    .port_info 1 /INPUT 32 "write_data_i";
    .port_info 2 /INPUT 1 "clk_i";
    .port_info 3 /INPUT 1 "write_enable_i";
    .port_info 4 /OUTPUT 32 "read_data_o";
P_0x10572cd40 .param/str "INIT_FILE" 0 8 4, "\000";
P_0x10572cd80 .param/l "XLEN" 0 8 4, +C4<00000000000000000000000000100000>;
v0x105737990_0 .net "address_i", 31 0, v0xb2506cb40_0;  alias, 1 drivers
v0xb2506c000_0 .net "clk_i", 0 0, v0xb2506caa0_0;  alias, 1 drivers
v0xb2506c0a0 .array "data_mem", 63 0, 31 0;
v0xb2506c140_0 .var "read_data_o", 31 0;
v0xb2506c1e0_0 .net "write_data_i", 31 0, v0xb2506cc80_0;  alias, 1 drivers
v0xb2506c280_0 .net "write_enable_i", 0 0, v0xb2506c960_0;  1 drivers
E_0xb2504c500 .event posedge, v0xb2506c000_0;
v0xb2506c0a0_0 .array/port v0xb2506c0a0, 0;
v0xb2506c0a0_1 .array/port v0xb2506c0a0, 1;
v0xb2506c0a0_2 .array/port v0xb2506c0a0, 2;
E_0xb2504c540/0 .event anyedge, v0x105737990_0, v0xb2506c0a0_0, v0xb2506c0a0_1, v0xb2506c0a0_2;
v0xb2506c0a0_3 .array/port v0xb2506c0a0, 3;
v0xb2506c0a0_4 .array/port v0xb2506c0a0, 4;
v0xb2506c0a0_5 .array/port v0xb2506c0a0, 5;
v0xb2506c0a0_6 .array/port v0xb2506c0a0, 6;
E_0xb2504c540/1 .event anyedge, v0xb2506c0a0_3, v0xb2506c0a0_4, v0xb2506c0a0_5, v0xb2506c0a0_6;
v0xb2506c0a0_7 .array/port v0xb2506c0a0, 7;
v0xb2506c0a0_8 .array/port v0xb2506c0a0, 8;
v0xb2506c0a0_9 .array/port v0xb2506c0a0, 9;
v0xb2506c0a0_10 .array/port v0xb2506c0a0, 10;
E_0xb2504c540/2 .event anyedge, v0xb2506c0a0_7, v0xb2506c0a0_8, v0xb2506c0a0_9, v0xb2506c0a0_10;
v0xb2506c0a0_11 .array/port v0xb2506c0a0, 11;
v0xb2506c0a0_12 .array/port v0xb2506c0a0, 12;
v0xb2506c0a0_13 .array/port v0xb2506c0a0, 13;
v0xb2506c0a0_14 .array/port v0xb2506c0a0, 14;
E_0xb2504c540/3 .event anyedge, v0xb2506c0a0_11, v0xb2506c0a0_12, v0xb2506c0a0_13, v0xb2506c0a0_14;
v0xb2506c0a0_15 .array/port v0xb2506c0a0, 15;
v0xb2506c0a0_16 .array/port v0xb2506c0a0, 16;
v0xb2506c0a0_17 .array/port v0xb2506c0a0, 17;
v0xb2506c0a0_18 .array/port v0xb2506c0a0, 18;
E_0xb2504c540/4 .event anyedge, v0xb2506c0a0_15, v0xb2506c0a0_16, v0xb2506c0a0_17, v0xb2506c0a0_18;
v0xb2506c0a0_19 .array/port v0xb2506c0a0, 19;
v0xb2506c0a0_20 .array/port v0xb2506c0a0, 20;
v0xb2506c0a0_21 .array/port v0xb2506c0a0, 21;
v0xb2506c0a0_22 .array/port v0xb2506c0a0, 22;
E_0xb2504c540/5 .event anyedge, v0xb2506c0a0_19, v0xb2506c0a0_20, v0xb2506c0a0_21, v0xb2506c0a0_22;
v0xb2506c0a0_23 .array/port v0xb2506c0a0, 23;
v0xb2506c0a0_24 .array/port v0xb2506c0a0, 24;
v0xb2506c0a0_25 .array/port v0xb2506c0a0, 25;
v0xb2506c0a0_26 .array/port v0xb2506c0a0, 26;
E_0xb2504c540/6 .event anyedge, v0xb2506c0a0_23, v0xb2506c0a0_24, v0xb2506c0a0_25, v0xb2506c0a0_26;
v0xb2506c0a0_27 .array/port v0xb2506c0a0, 27;
v0xb2506c0a0_28 .array/port v0xb2506c0a0, 28;
v0xb2506c0a0_29 .array/port v0xb2506c0a0, 29;
v0xb2506c0a0_30 .array/port v0xb2506c0a0, 30;
E_0xb2504c540/7 .event anyedge, v0xb2506c0a0_27, v0xb2506c0a0_28, v0xb2506c0a0_29, v0xb2506c0a0_30;
v0xb2506c0a0_31 .array/port v0xb2506c0a0, 31;
v0xb2506c0a0_32 .array/port v0xb2506c0a0, 32;
v0xb2506c0a0_33 .array/port v0xb2506c0a0, 33;
v0xb2506c0a0_34 .array/port v0xb2506c0a0, 34;
E_0xb2504c540/8 .event anyedge, v0xb2506c0a0_31, v0xb2506c0a0_32, v0xb2506c0a0_33, v0xb2506c0a0_34;
v0xb2506c0a0_35 .array/port v0xb2506c0a0, 35;
v0xb2506c0a0_36 .array/port v0xb2506c0a0, 36;
v0xb2506c0a0_37 .array/port v0xb2506c0a0, 37;
v0xb2506c0a0_38 .array/port v0xb2506c0a0, 38;
E_0xb2504c540/9 .event anyedge, v0xb2506c0a0_35, v0xb2506c0a0_36, v0xb2506c0a0_37, v0xb2506c0a0_38;
v0xb2506c0a0_39 .array/port v0xb2506c0a0, 39;
v0xb2506c0a0_40 .array/port v0xb2506c0a0, 40;
v0xb2506c0a0_41 .array/port v0xb2506c0a0, 41;
v0xb2506c0a0_42 .array/port v0xb2506c0a0, 42;
E_0xb2504c540/10 .event anyedge, v0xb2506c0a0_39, v0xb2506c0a0_40, v0xb2506c0a0_41, v0xb2506c0a0_42;
v0xb2506c0a0_43 .array/port v0xb2506c0a0, 43;
v0xb2506c0a0_44 .array/port v0xb2506c0a0, 44;
v0xb2506c0a0_45 .array/port v0xb2506c0a0, 45;
v0xb2506c0a0_46 .array/port v0xb2506c0a0, 46;
E_0xb2504c540/11 .event anyedge, v0xb2506c0a0_43, v0xb2506c0a0_44, v0xb2506c0a0_45, v0xb2506c0a0_46;
v0xb2506c0a0_47 .array/port v0xb2506c0a0, 47;
v0xb2506c0a0_48 .array/port v0xb2506c0a0, 48;
v0xb2506c0a0_49 .array/port v0xb2506c0a0, 49;
v0xb2506c0a0_50 .array/port v0xb2506c0a0, 50;
E_0xb2504c540/12 .event anyedge, v0xb2506c0a0_47, v0xb2506c0a0_48, v0xb2506c0a0_49, v0xb2506c0a0_50;
v0xb2506c0a0_51 .array/port v0xb2506c0a0, 51;
v0xb2506c0a0_52 .array/port v0xb2506c0a0, 52;
v0xb2506c0a0_53 .array/port v0xb2506c0a0, 53;
v0xb2506c0a0_54 .array/port v0xb2506c0a0, 54;
E_0xb2504c540/13 .event anyedge, v0xb2506c0a0_51, v0xb2506c0a0_52, v0xb2506c0a0_53, v0xb2506c0a0_54;
v0xb2506c0a0_55 .array/port v0xb2506c0a0, 55;
v0xb2506c0a0_56 .array/port v0xb2506c0a0, 56;
v0xb2506c0a0_57 .array/port v0xb2506c0a0, 57;
v0xb2506c0a0_58 .array/port v0xb2506c0a0, 58;
E_0xb2504c540/14 .event anyedge, v0xb2506c0a0_55, v0xb2506c0a0_56, v0xb2506c0a0_57, v0xb2506c0a0_58;
v0xb2506c0a0_59 .array/port v0xb2506c0a0, 59;
v0xb2506c0a0_60 .array/port v0xb2506c0a0, 60;
v0xb2506c0a0_61 .array/port v0xb2506c0a0, 61;
v0xb2506c0a0_62 .array/port v0xb2506c0a0, 62;
E_0xb2504c540/15 .event anyedge, v0xb2506c0a0_59, v0xb2506c0a0_60, v0xb2506c0a0_61, v0xb2506c0a0_62;
v0xb2506c0a0_63 .array/port v0xb2506c0a0, 63;
E_0xb2504c540/16 .event anyedge, v0xb2506c0a0_63;
E_0xb2504c540 .event/or E_0xb2504c540/0, E_0xb2504c540/1, E_0xb2504c540/2, E_0xb2504c540/3, E_0xb2504c540/4, E_0xb2504c540/5, E_0xb2504c540/6, E_0xb2504c540/7, E_0xb2504c540/8, E_0xb2504c540/9, E_0xb2504c540/10, E_0xb2504c540/11, E_0xb2504c540/12, E_0xb2504c540/13, E_0xb2504c540/14, E_0xb2504c540/15, E_0xb2504c540/16;
S_0x105737c30 .scope module, "imem" "instruction_memory" 7 14, 9 4 0, S_0x10572cbc0;
 .timescale 0 0;
    .port_info 0 /OUTPUT 32 "instruction_data_o";
    .port_info 1 /INPUT 32 "instruction_address_i";
P_0xb25035540 .param/str "INIT_FILE" 0 9 4, "\000";
v0xb2506c320_0 .net "instruction_address_i", 31 0, v0xb2506c640_0;  1 drivers
v0xb2506c3c0_0 .var "instruction_data_o", 31 0;
v0xb2506c460 .array "instruction_mem", 63 0, 31 0;
v0xb2506c460_0 .array/port v0xb2506c460, 0;
v0xb2506c460_1 .array/port v0xb2506c460, 1;
v0xb2506c460_2 .array/port v0xb2506c460, 2;
E_0xb2504c5c0/0 .event anyedge, v0xb2506c320_0, v0xb2506c460_0, v0xb2506c460_1, v0xb2506c460_2;
v0xb2506c460_3 .array/port v0xb2506c460, 3;
v0xb2506c460_4 .array/port v0xb2506c460, 4;
v0xb2506c460_5 .array/port v0xb2506c460, 5;
v0xb2506c460_6 .array/port v0xb2506c460, 6;
E_0xb2504c5c0/1 .event anyedge, v0xb2506c460_3, v0xb2506c460_4, v0xb2506c460_5, v0xb2506c460_6;
v0xb2506c460_7 .array/port v0xb2506c460, 7;
v0xb2506c460_8 .array/port v0xb2506c460, 8;
v0xb2506c460_9 .array/port v0xb2506c460, 9;
v0xb2506c460_10 .array/port v0xb2506c460, 10;
E_0xb2504c5c0/2 .event anyedge, v0xb2506c460_7, v0xb2506c460_8, v0xb2506c460_9, v0xb2506c460_10;
v0xb2506c460_11 .array/port v0xb2506c460, 11;
v0xb2506c460_12 .array/port v0xb2506c460, 12;
v0xb2506c460_13 .array/port v0xb2506c460, 13;
v0xb2506c460_14 .array/port v0xb2506c460, 14;
E_0xb2504c5c0/3 .event anyedge, v0xb2506c460_11, v0xb2506c460_12, v0xb2506c460_13, v0xb2506c460_14;
v0xb2506c460_15 .array/port v0xb2506c460, 15;
v0xb2506c460_16 .array/port v0xb2506c460, 16;
v0xb2506c460_17 .array/port v0xb2506c460, 17;
v0xb2506c460_18 .array/port v0xb2506c460, 18;
E_0xb2504c5c0/4 .event anyedge, v0xb2506c460_15, v0xb2506c460_16, v0xb2506c460_17, v0xb2506c460_18;
v0xb2506c460_19 .array/port v0xb2506c460, 19;
v0xb2506c460_20 .array/port v0xb2506c460, 20;
v0xb2506c460_21 .array/port v0xb2506c460, 21;
v0xb2506c460_22 .array/port v0xb2506c460, 22;
E_0xb2504c5c0/5 .event anyedge, v0xb2506c460_19, v0xb2506c460_20, v0xb2506c460_21, v0xb2506c460_22;
v0xb2506c460_23 .array/port v0xb2506c460, 23;
v0xb2506c460_24 .array/port v0xb2506c460, 24;
v0xb2506c460_25 .array/port v0xb2506c460, 25;
v0xb2506c460_26 .array/port v0xb2506c460, 26;
E_0xb2504c5c0/6 .event anyedge, v0xb2506c460_23, v0xb2506c460_24, v0xb2506c460_25, v0xb2506c460_26;
v0xb2506c460_27 .array/port v0xb2506c460, 27;
v0xb2506c460_28 .array/port v0xb2506c460, 28;
v0xb2506c460_29 .array/port v0xb2506c460, 29;
v0xb2506c460_30 .array/port v0xb2506c460, 30;
E_0xb2504c5c0/7 .event anyedge, v0xb2506c460_27, v0xb2506c460_28, v0xb2506c460_29, v0xb2506c460_30;
v0xb2506c460_31 .array/port v0xb2506c460, 31;
v0xb2506c460_32 .array/port v0xb2506c460, 32;
v0xb2506c460_33 .array/port v0xb2506c460, 33;
v0xb2506c460_34 .array/port v0xb2506c460, 34;
E_0xb2504c5c0/8 .event anyedge, v0xb2506c460_31, v0xb2506c460_32, v0xb2506c460_33, v0xb2506c460_34;
v0xb2506c460_35 .array/port v0xb2506c460, 35;
v0xb2506c460_36 .array/port v0xb2506c460, 36;
v0xb2506c460_37 .array/port v0xb2506c460, 37;
v0xb2506c460_38 .array/port v0xb2506c460, 38;
E_0xb2504c5c0/9 .event anyedge, v0xb2506c460_35, v0xb2506c460_36, v0xb2506c460_37, v0xb2506c460_38;
v0xb2506c460_39 .array/port v0xb2506c460, 39;
v0xb2506c460_40 .array/port v0xb2506c460, 40;
v0xb2506c460_41 .array/port v0xb2506c460, 41;
v0xb2506c460_42 .array/port v0xb2506c460, 42;
E_0xb2504c5c0/10 .event anyedge, v0xb2506c460_39, v0xb2506c460_40, v0xb2506c460_41, v0xb2506c460_42;
v0xb2506c460_43 .array/port v0xb2506c460, 43;
v0xb2506c460_44 .array/port v0xb2506c460, 44;
v0xb2506c460_45 .array/port v0xb2506c460, 45;
v0xb2506c460_46 .array/port v0xb2506c460, 46;
E_0xb2504c5c0/11 .event anyedge, v0xb2506c460_43, v0xb2506c460_44, v0xb2506c460_45, v0xb2506c460_46;
v0xb2506c460_47 .array/port v0xb2506c460, 47;
v0xb2506c460_48 .array/port v0xb2506c460, 48;
v0xb2506c460_49 .array/port v0xb2506c460, 49;
v0xb2506c460_50 .array/port v0xb2506c460, 50;
E_0xb2504c5c0/12 .event anyedge, v0xb2506c460_47, v0xb2506c460_48, v0xb2506c460_49, v0xb2506c460_50;
v0xb2506c460_51 .array/port v0xb2506c460, 51;
v0xb2506c460_52 .array/port v0xb2506c460, 52;
v0xb2506c460_53 .array/port v0xb2506c460, 53;
v0xb2506c460_54 .array/port v0xb2506c460, 54;
E_0xb2504c5c0/13 .event anyedge, v0xb2506c460_51, v0xb2506c460_52, v0xb2506c460_53, v0xb2506c460_54;
v0xb2506c460_55 .array/port v0xb2506c460, 55;
v0xb2506c460_56 .array/port v0xb2506c460, 56;
v0xb2506c460_57 .array/port v0xb2506c460, 57;
v0xb2506c460_58 .array/port v0xb2506c460, 58;
E_0xb2504c5c0/14 .event anyedge, v0xb2506c460_55, v0xb2506c460_56, v0xb2506c460_57, v0xb2506c460_58;
v0xb2506c460_59 .array/port v0xb2506c460, 59;
v0xb2506c460_60 .array/port v0xb2506c460, 60;
v0xb2506c460_61 .array/port v0xb2506c460, 61;
v0xb2506c460_62 .array/port v0xb2506c460, 62;
E_0xb2504c5c0/15 .event anyedge, v0xb2506c460_59, v0xb2506c460_60, v0xb2506c460_61, v0xb2506c460_62;
v0xb2506c460_63 .array/port v0xb2506c460, 63;
E_0xb2504c5c0/16 .event anyedge, v0xb2506c460_63;
E_0xb2504c5c0 .event/or E_0xb2504c5c0/0, E_0xb2504c5c0/1, E_0xb2504c5c0/2, E_0xb2504c5c0/3, E_0xb2504c5c0/4, E_0xb2504c5c0/5, E_0xb2504c5c0/6, E_0xb2504c5c0/7, E_0xb2504c5c0/8, E_0xb2504c5c0/9, E_0xb2504c5c0/10, E_0xb2504c5c0/11, E_0xb2504c5c0/12, E_0xb2504c5c0/13, E_0xb2504c5c0/14, E_0xb2504c5c0/15, E_0xb2504c5c0/16;
    .scope S_0x1057309b0;
T_0 ;
Ewait_0 .event/or E_0xb2504c3c0, E_0x0;
    %wait Ewait_0;
    %load/vec4 v0x10572fd40_0;
    %dup/vec4;
    %pushi/vec4 0, 0, 5;
    %cmp/u;
    %jmp/1 T_0.0, 6;
    %dup/vec4;
    %pushi/vec4 1, 0, 5;
    %cmp/u;
    %jmp/1 T_0.1, 6;
    %dup/vec4;
    %pushi/vec4 2, 0, 5;
    %cmp/u;
    %jmp/1 T_0.2, 6;
    %dup/vec4;
    %pushi/vec4 3, 0, 5;
    %cmp/u;
    %jmp/1 T_0.3, 6;
    %dup/vec4;
    %pushi/vec4 4, 0, 5;
    %cmp/u;
    %jmp/1 T_0.4, 6;
    %dup/vec4;
    %pushi/vec4 5, 0, 5;
    %cmp/u;
    %jmp/1 T_0.5, 6;
    %dup/vec4;
    %pushi/vec4 6, 0, 5;
    %cmp/u;
    %jmp/1 T_0.6, 6;
    %dup/vec4;
    %pushi/vec4 7, 0, 5;
    %cmp/u;
    %jmp/1 T_0.7, 6;
    %dup/vec4;
    %pushi/vec4 14, 0, 5;
    %cmp/u;
    %jmp/1 T_0.8, 6;
    %vpi_call/w 4 12 "$warning", "value is unhandled for priority or unique case statement" {0 0 0};
    %jmp T_0.9;
T_0.0 ;
    %load/vec4 v0x10572fde0_0;
    %load/vec4 v0x10572e7d0_0;
    %add;
    %store/vec4 v0x10572a190_0, 0, 32;
    %jmp T_0.9;
T_0.1 ;
    %load/vec4 v0x10572fde0_0;
    %load/vec4 v0x10572e7d0_0;
    %sub;
    %store/vec4 v0x10572a190_0, 0, 32;
    %jmp T_0.9;
T_0.2 ;
    %load/vec4 v0x10572fde0_0;
    %load/vec4 v0x10572e7d0_0;
    %and;
    %store/vec4 v0x10572a190_0, 0, 32;
    %jmp T_0.9;
T_0.3 ;
    %load/vec4 v0x10572fde0_0;
    %load/vec4 v0x10572e7d0_0;
    %or;
    %store/vec4 v0x10572a190_0, 0, 32;
    %jmp T_0.9;
T_0.4 ;
    %load/vec4 v0x10572fde0_0;
    %load/vec4 v0x10572e7d0_0;
    %xor;
    %store/vec4 v0x10572a190_0, 0, 32;
    %jmp T_0.9;
T_0.5 ;
    %load/vec4 v0x10572fde0_0;
    %load/vec4 v0x10572e7d0_0;
    %parti/s 5, 0, 2;
    %ix/vec4 4;
    %shiftl 4;
    %store/vec4 v0x10572a190_0, 0, 32;
    %jmp T_0.9;
T_0.6 ;
    %load/vec4 v0x10572fde0_0;
    %load/vec4 v0x10572e7d0_0;
    %parti/s 5, 0, 2;
    %ix/vec4 4;
    %shiftr 4;
    %store/vec4 v0x10572a190_0, 0, 32;
    %jmp T_0.9;
T_0.7 ;
    %load/vec4 v0x10572fde0_0;
    %load/vec4 v0x10572e7d0_0;
    %parti/s 5, 0, 2;
    %ix/vec4 4;
    %shiftr/s 4;
    %store/vec4 v0x10572a190_0, 0, 32;
    %jmp T_0.9;
T_0.8 ;
    %pushi/vec4 0, 0, 32;
    %store/vec4 v0x10572a190_0, 0, 32;
    %jmp T_0.9;
T_0.9 ;
    %pop/vec4 1;
    %jmp T_0;
    .thread T_0, $push;
    .scope S_0x105730b30;
T_1 ;
Ewait_1 .event/or E_0xb2504c400, E_0x0;
    %wait Ewait_1;
    %load/vec4 v0x10572e910_0;
    %dup/vec4;
    %pushi/vec4 8, 0, 5;
    %cmp/u;
    %jmp/1 T_1.0, 6;
    %dup/vec4;
    %pushi/vec4 9, 0, 5;
    %cmp/u;
    %jmp/1 T_1.1, 6;
    %dup/vec4;
    %pushi/vec4 10, 0, 5;
    %cmp/u;
    %jmp/1 T_1.2, 6;
    %dup/vec4;
    %pushi/vec4 11, 0, 5;
    %cmp/u;
    %jmp/1 T_1.3, 6;
    %dup/vec4;
    %pushi/vec4 12, 0, 5;
    %cmp/u;
    %jmp/1 T_1.4, 6;
    %dup/vec4;
    %pushi/vec4 13, 0, 5;
    %cmp/u;
    %jmp/1 T_1.5, 6;
    %pushi/vec4 0, 0, 1;
    %store/vec4 v0x10572e870_0, 0, 1;
    %jmp T_1.7;
T_1.0 ;
    %load/vec4 v0x10572e9b0_0;
    %load/vec4 v0x10572ea50_0;
    %cmp/e;
    %flag_get/vec4 6;
    %store/vec4 v0x10572e870_0, 0, 1;
    %jmp T_1.7;
T_1.1 ;
    %load/vec4 v0x10572e9b0_0;
    %load/vec4 v0x10572ea50_0;
    %cmp/ne;
    %flag_get/vec4 6;
    %store/vec4 v0x10572e870_0, 0, 1;
    %jmp T_1.7;
T_1.2 ;
    %load/vec4 v0x10572e9b0_0;
    %load/vec4 v0x10572ea50_0;
    %cmp/u;
    %flag_get/vec4 5;
    %store/vec4 v0x10572e870_0, 0, 1;
    %jmp T_1.7;
T_1.3 ;
    %load/vec4 v0x10572ea50_0;
    %load/vec4 v0x10572e9b0_0;
    %cmp/u;
    %flag_get/vec4 4;
    %flag_get/vec4 5;
    %or;
    %store/vec4 v0x10572e870_0, 0, 1;
    %jmp T_1.7;
T_1.4 ;
    %load/vec4 v0x10572e9b0_0;
    %load/vec4 v0x10572ea50_0;
    %cmp/s;
    %flag_get/vec4 5;
    %store/vec4 v0x10572e870_0, 0, 1;
    %jmp T_1.7;
T_1.5 ;
    %load/vec4 v0x10572ea50_0;
    %load/vec4 v0x10572e9b0_0;
    %cmp/s;
    %flag_get/vec4 4;
    %flag_get/vec4 5;
    %or;
    %store/vec4 v0x10572e870_0, 0, 1;
    %jmp T_1.7;
T_1.7 ;
    %pop/vec4 1;
    %jmp T_1;
    .thread T_1, $push;
    .scope S_0x105737c30;
T_2 ;
    %end;
    .thread T_2;
    .scope S_0x105737c30;
T_3 ;
Ewait_2 .event/or E_0xb2504c5c0, E_0x0;
    %wait Ewait_2;
    %load/vec4 v0xb2506c320_0;
    %parti/s 30, 2, 3;
    %ix/vec4 4;
    %load/vec4a v0xb2506c460, 4;
    %store/vec4 v0xb2506c3c0_0, 0, 32;
    %jmp T_3;
    .thread T_3, $push;
    .scope S_0x105737770;
T_4 ;
    %end;
    .thread T_4;
    .scope S_0x105737770;
T_5 ;
Ewait_3 .event/or E_0xb2504c540, E_0x0;
    %wait Ewait_3;
    %load/vec4 v0x105737990_0;
    %parti/s 30, 2, 3;
    %ix/vec4 4;
    %load/vec4a v0xb2506c0a0, 4;
    %store/vec4 v0xb2506c140_0, 0, 32;
    %jmp T_5;
    .thread T_5, $push;
    .scope S_0x105737770;
T_6 ;
    %wait E_0xb2504c500;
    %load/vec4 v0xb2506c280_0;
    %flag_set/vec4 8;
    %jmp/0xz  T_6.0, 8;
    %load/vec4 v0xb2506c1e0_0;
    %load/vec4 v0x105737990_0;
    %parti/s 30, 2, 3;
    %ix/vec4 3;
    %ix/load 4, 0, 0; Constant delay
    %assign/vec4/a/d v0xb2506c0a0, 0, 4;
T_6.0 ;
    %jmp T_6;
    .thread T_6;
    .scope S_0x10572fbc0;
T_7 ;
    %pushi/vec4 0, 0, 1;
    %store/vec4 v0xb2506caa0_0, 0, 1;
    %pushi/vec4 0, 0, 1;
    %store/vec4 v0xb2506cbe0_0, 0, 1;
    %end;
    .thread T_7, $init;
    .scope S_0x10572fbc0;
T_8 ;
    %fork t_1, S_0x10572ca40;
    %jmp t_0;
    .scope S_0x10572ca40;
t_1 ;
T_8.0 ;
    %load/vec4 v0xb2506caa0_0;
    %inv;
    %store/vec4 v0xb2506caa0_0, 0, 1;
    %jmp T_8.0;
T_8.1 ;
    %end;
    .scope S_0x10572fbc0;
t_0 %join;
    %end;
    .thread T_8;
# The file index is used to find the file name in the following table.
:file_names 10;
    "N/A";
    "<interactive>";
    "-";
    "src/risc_v_32_i_pkg.sv";
    "src/alu.sv";
    "src/comparator.sv";
    "tb/tb_cpu.sv";
    "src/cpu.sv";
    "src/data_memory.sv";
    "src/instruction_memory.sv";
